[2023-03-11 15:45:47] local.INFO: userId  
[2023-03-11 15:45:47] local.INFO: 14  
[2023-03-11 15:45:47] local.ERROR: Attempt to read property "id" on null {"exception":"[object] (ErrorException(code: 0): Attempt to read property \"id\" on null at D:\\Programming\\Graduation-project\\2022-2023\\React\\college-system\\intelligent-college-timetable-scheduler\\app\\Http\\Controllers\\CourseRegistrationController.php:261)
[stacktrace]
#0 D:\\Programming\\Graduation-project\\2022-2023\\React\\college-system\\intelligent-college-timetable-scheduler\\vendor\\laravel\\framework\\src\\Illuminate\\Foundation\\Bootstrap\\HandleExceptions.php(266): Illuminate\\Foundation\\Bootstrap\\HandleExceptions->handleError(2, 'Attempt to read...', 'D:\\\\Programming\\\\...', 261)
#1 D:\\Programming\\Graduation-project\\2022-2023\\React\\college-system\\intelligent-college-timetable-scheduler\\app\\Http\\Controllers\\CourseRegistrationController.php(261): Illuminate\\Foundation\\Bootstrap\\HandleExceptions->Illuminate\\Foundation\\Bootstrap\\{closure}(2, 'Attempt to read...', 'D:\\\\Programming\\\\...', 261)
#2 D:\\Programming\\Graduation-project\\2022-2023\\React\\college-system\\intelligent-college-timetable-scheduler\\app\\Http\\Controllers\\CourseRegistrationController.php(205): App\\Http\\Controllers\\CourseRegistrationController->getHoursPerTerm(Object(Illuminate\\Http\\Request))
#3 D:\\Programming\\Graduation-project\\2022-2023\\React\\college-system\\intelligent-college-timetable-scheduler\\app\\Http\\Controllers\\CourseRegistrationController.php(142): App\\Http\\Controllers\\CourseRegistrationController->checkCoursesHours(Array, Object(Illuminate\\Http\\Request), '14')
#4 D:\\Programming\\Graduation-project\\2022-2023\\React\\college-system\\intelligent-college-timetable-scheduler\\vendor\\laravel\\framework\\src\\Illuminate\\Routing\\Controller.php(54): App\\Http\\Controllers\\CourseRegistrationController->register(Object(Illuminate\\Http\\Request), '14')
#5 D:\\Programming\\Graduation-project\\2022-2023\\React\\college-system\\intelligent-college-timetable-scheduler\\vendor\\laravel\\framework\\src\\Illuminate\\Routing\\ControllerDispatcher.php(43): Illuminate\\Routing\\Controller->callAction('register', Array)
#6 D:\\Programming\\Graduation-project\\2022-2023\\React\\college-system\\intelligent-college-timetable-scheduler\\vendor\\laravel\\framework\\src\\Illuminate\\Routing\\Route.php(260): Illuminate\\Routing\\ControllerDispatcher->dispatch(Object(Illuminate\\Routing\\Route), Object(App\\Http\\Controllers\\CourseRegistrationController), 'register')
#7 D:\\Programming\\Graduation-project\\2022-2023\\React\\college-system\\intelligent-college-timetable-scheduler\\vendor\\laravel\\framework\\src\\Illuminate\\Routing\\Route.php(205): Illuminate\\Routing\\Route->runController()
#8 D:\\Programming\\Graduation-project\\2022-2023\\React\\college-system\\intelligent-college-timetable-scheduler\\vendor\\laravel\\framework\\src\\Illuminate\\Routing\\Router.php(798): Illuminate\\Routing\\Route->run()
#9 D:\\Programming\\Graduation-project\\2022-2023\\React\\college-system\\intelligent-college-timetable-scheduler\\vendor\\laravel\\framework\\src\\Illuminate\\Pipeline\\Pipeline.php(141): Illuminate\\Routing\\Router->Illuminate\\Routing\\{closure}(Object(Illuminate\\Http\\Request))
#10 D:\\Programming\\Graduation-project\\2022-2023\\React\\college-system\\intelligent-college-timetable-scheduler\\vendor\\laravel\\framework\\src\\Illuminate\\Routing\\Middleware\\SubstituteBindings.php(50): Illuminate\\Pipeline\\Pipeline->Illuminate\\Pipeline\\{closure}(Object(Illuminate\\Http\\Request))
#11 D:\\Programming\\Graduation-project\\2022-2023\\React\\college-system\\intelligent-college-timetable-scheduler\\vendor\\laravel\\framework\\src\\Illuminate\\Pipeline\\Pipeline.php(180): Illuminate\\Routing\\Middleware\\SubstituteBindings->handle(Object(Illuminate\\Http\\Request), Object(Closure))
#12 D:\\Programming\\Graduation-project\\2022-2023\\React\\college-system\\intelligent-college-timetable-scheduler\\vendor\\laravel\\framework\\src\\Illuminate\\Foundation\\Http\\Middleware\\VerifyCsrfToken.php(78): Illuminate\\Pipeline\\Pipeline->Illuminate\\Pipeline\\{closure}(Object(Illuminate\\Http\\Request))
#13 D:\\Programming\\Graduation-project\\2022-2023\\React\\college-system\\intelligent-college-timetable-scheduler\\vendor\\laravel\\framework\\src\\Illuminate\\Pipeline\\Pipeline.php(180): Illuminate\\Foundation\\Http\\Middleware\\VerifyCsrfToken->handle(Object(Illuminate\\Http\\Request), Object(Closure))
#14 D:\\Programming\\Graduation-project\\2022-2023\\React\\college-system\\intelligent-college-timetable-scheduler\\vendor\\laravel\\framework\\src\\Illuminate\\View\\Middleware\\ShareErrorsFromSession.php(49): Illuminate\\Pipeline\\Pipeline->Illuminate\\Pipeline\\{closure}(Object(Illuminate\\Http\\Request))
#15 D:\\Programming\\Graduation-project\\2022-2023\\React\\college-system\\intelligent-college-timetable-scheduler\\vendor\\laravel\\framework\\src\\Illuminate\\Pipeline\\Pipeline.php(180): Illuminate\\View\\Middleware\\ShareErrorsFromSession->handle(Object(Illuminate\\Http\\Request), Object(Closure))
#16 D:\\Programming\\Graduation-project\\2022-2023\\React\\college-system\\intelligent-college-timetable-scheduler\\vendor\\laravel\\framework\\src\\Illuminate\\Session\\Middleware\\StartSession.php(121): Illuminate\\Pipeline\\Pipeline->Illuminate\\Pipeline\\{closure}(Object(Illuminate\\Http\\Request))
#17 D:\\Programming\\Graduation-project\\2022-2023\\React\\college-system\\intelligent-college-timetable-scheduler\\vendor\\laravel\\framework\\src\\Illuminate\\Session\\Middleware\\StartSession.php(64): Illuminate\\Session\\Middleware\\StartSession->handleStatefulRequest(Object(Illuminate\\Http\\Request), Object(Illuminate\\Session\\Store), Object(Closure))
#18 D:\\Programming\\Graduation-project\\2022-2023\\React\\college-system\\intelligent-college-timetable-scheduler\\vendor\\laravel\\framework\\src\\Illuminate\\Pipeline\\Pipeline.php(180): Illuminate\\Session\\Middleware\\StartSession->handle(Object(Illuminate\\Http\\Request), Object(Closure))
#19 D:\\Programming\\Graduation-project\\2022-2023\\React\\college-system\\intelligent-college-timetable-scheduler\\vendor\\laravel\\framework\\src\\Illuminate\\Cookie\\Middleware\\AddQueuedCookiesToResponse.php(37): Illuminate\\Pipeline\\Pipeline->Illuminate\\Pipeline\\{closure}(Object(Illuminate\\Http\\Request))
#20 D:\\Programming\\Graduation-project\\2022-2023\\React\\college-system\\intelligent-college-timetable-scheduler\\vendor\\laravel\\framework\\src\\Illuminate\\Pipeline\\Pipeline.php(180): Illuminate\\Cookie\\Middleware\\AddQueuedCookiesToResponse->handle(Object(Illuminate\\Http\\Request), Object(Closure))
#21 D:\\Programming\\Graduation-project\\2022-2023\\React\\college-system\\intelligent-college-timetable-scheduler\\vendor\\laravel\\framework\\src\\Illuminate\\Cookie\\Middleware\\EncryptCookies.php(67): Illuminate\\Pipeline\\Pipeline->Illuminate\\Pipeline\\{closure}(Object(Illuminate\\Http\\Request))
#22 D:\\Programming\\Graduation-project\\2022-2023\\React\\college-system\\intelligent-college-timetable-scheduler\\vendor\\laravel\\framework\\src\\Illuminate\\Pipeline\\Pipeline.php(180): Illuminate\\Cookie\\Middleware\\EncryptCookies->handle(Object(Illuminate\\Http\\Request), Object(Closure))
#23 D:\\Programming\\Graduation-project\\2022-2023\\React\\college-system\\intelligent-college-timetable-scheduler\\vendor\\laravel\\framework\\src\\Illuminate\\Pipeline\\Pipeline.php(116): Illuminate\\Pipeline\\Pipeline->Illuminate\\Pipeline\\{closure}(Object(Illuminate\\Http\\Request))
#24 D:\\Programming\\Graduation-project\\2022-2023\\React\\college-system\\intelligent-college-timetable-scheduler\\vendor\\laravel\\framework\\src\\Illuminate\\Routing\\Router.php(799): Illuminate\\Pipeline\\Pipeline->then(Object(Closure))
#25 D:\\Programming\\Graduation-project\\2022-2023\\React\\college-system\\intelligent-college-timetable-scheduler\\vendor\\laravel\\framework\\src\\Illuminate\\Routing\\Router.php(776): Illuminate\\Routing\\Router->runRouteWithinStack(Object(Illuminate\\Routing\\Route), Object(Illuminate\\Http\\Request))
#26 D:\\Programming\\Graduation-project\\2022-2023\\React\\college-system\\intelligent-college-timetable-scheduler\\vendor\\laravel\\framework\\src\\Illuminate\\Routing\\Router.php(740): Illuminate\\Routing\\Router->runRoute(Object(Illuminate\\Http\\Request), Object(Illuminate\\Routing\\Route))
#27 D:\\Programming\\Graduation-project\\2022-2023\\React\\college-system\\intelligent-college-timetable-scheduler\\vendor\\laravel\\framework\\src\\Illuminate\\Routing\\Router.php(729): Illuminate\\Routing\\Router->dispatchToRoute(Object(Illuminate\\Http\\Request))
#28 D:\\Programming\\Graduation-project\\2022-2023\\React\\college-system\\intelligent-college-timetable-scheduler\\vendor\\laravel\\framework\\src\\Illuminate\\Foundation\\Http\\Kernel.php(190): Illuminate\\Routing\\Router->dispatch(Object(Illuminate\\Http\\Request))
#29 D:\\Programming\\Graduation-project\\2022-2023\\React\\college-system\\intelligent-college-timetable-scheduler\\vendor\\laravel\\framework\\src\\Illuminate\\Pipeline\\Pipeline.php(141): Illuminate\\Foundation\\Http\\Kernel->Illuminate\\Foundation\\Http\\{closure}(Object(Illuminate\\Http\\Request))
#30 D:\\Programming\\Graduation-project\\2022-2023\\React\\college-system\\intelligent-college-timetable-scheduler\\vendor\\laravel\\framework\\src\\Illuminate\\Foundation\\Http\\Middleware\\TransformsRequest.php(21): Illuminate\\Pipeline\\Pipeline->Illuminate\\Pipeline\\{closure}(Object(Illuminate\\Http\\Request))
#31 D:\\Programming\\Graduation-project\\2022-2023\\React\\college-system\\intelligent-college-timetable-scheduler\\vendor\\laravel\\framework\\src\\Illuminate\\Foundation\\Http\\Middleware\\ConvertEmptyStringsToNull.php(31): Illuminate\\Foundation\\Http\\Middleware\\TransformsRequest->handle(Object(Illuminate\\Http\\Request), Object(Closure))
#32 D:\\Programming\\Graduation-project\\2022-2023\\React\\college-system\\intelligent-college-timetable-scheduler\\vendor\\laravel\\framework\\src\\Illuminate\\Pipeline\\Pipeline.php(180): Illuminate\\Foundation\\Http\\Middleware\\ConvertEmptyStringsToNull->handle(Object(Illuminate\\Http\\Request), Object(Closure))
#33 D:\\Programming\\Graduation-project\\2022-2023\\React\\college-system\\intelligent-college-timetable-scheduler\\vendor\\laravel\\framework\\src\\Illuminate\\Foundation\\Http\\Middleware\\TransformsRequest.php(21): Illuminate\\Pipeline\\Pipeline->Illuminate\\Pipeline\\{closure}(Object(Illuminate\\Http\\Request))
#34 D:\\Programming\\Graduation-project\\2022-2023\\React\\college-system\\intelligent-college-timetable-scheduler\\vendor\\laravel\\framework\\src\\Illuminate\\Foundation\\Http\\Middleware\\TrimStrings.php(40): Illuminate\\Foundation\\Http\\Middleware\\TransformsRequest->handle(Object(Illuminate\\Http\\Request), Object(Closure))
#35 D:\\Programming\\Graduation-project\\2022-2023\\React\\college-system\\intelligent-college-timetable-scheduler\\vendor\\laravel\\framework\\src\\Illuminate\\Pipeline\\Pipeline.php(180): Illuminate\\Foundation\\Http\\Middleware\\TrimStrings->handle(Object(Illuminate\\Http\\Request), Object(Closure))
#36 D:\\Programming\\Graduation-project\\2022-2023\\React\\college-system\\intelligent-college-timetable-scheduler\\vendor\\laravel\\framework\\src\\Illuminate\\Foundation\\Http\\Middleware\\ValidatePostSize.php(27): Illuminate\\Pipeline\\Pipeline->Illuminate\\Pipeline\\{closure}(Object(Illuminate\\Http\\Request))
#37 D:\\Programming\\Graduation-project\\2022-2023\\React\\college-system\\intelligent-college-timetable-scheduler\\vendor\\laravel\\framework\\src\\Illuminate\\Pipeline\\Pipeline.php(180): Illuminate\\Foundation\\Http\\Middleware\\ValidatePostSize->handle(Object(Illuminate\\Http\\Request), Object(Closure))
#38 D:\\Programming\\Graduation-project\\2022-2023\\React\\college-system\\intelligent-college-timetable-scheduler\\vendor\\laravel\\framework\\src\\Illuminate\\Foundation\\Http\\Middleware\\PreventRequestsDuringMaintenance.php(86): Illuminate\\Pipeline\\Pipeline->Illuminate\\Pipeline\\{closure}(Object(Illuminate\\Http\\Request))
#39 D:\\Programming\\Graduation-project\\2022-2023\\React\\college-system\\intelligent-college-timetable-scheduler\\vendor\\laravel\\framework\\src\\Illuminate\\Pipeline\\Pipeline.php(180): Illuminate\\Foundation\\Http\\Middleware\\PreventRequestsDuringMaintenance->handle(Object(Illuminate\\Http\\Request), Object(Closure))
#40 D:\\Programming\\Graduation-project\\2022-2023\\React\\college-system\\intelligent-college-timetable-scheduler\\vendor\\laravel\\framework\\src\\Illuminate\\Http\\Middleware\\HandleCors.php(62): Illuminate\\Pipeline\\Pipeline->Illuminate\\Pipeline\\{closure}(Object(Illuminate\\Http\\Request))
#41 D:\\Programming\\Graduation-project\\2022-2023\\React\\college-system\\intelligent-college-timetable-scheduler\\vendor\\laravel\\framework\\src\\Illuminate\\Pipeline\\Pipeline.php(180): Illuminate\\Http\\Middleware\\HandleCors->handle(Object(Illuminate\\Http\\Request), Object(Closure))
#42 D:\\Programming\\Graduation-project\\2022-2023\\React\\college-system\\intelligent-college-timetable-scheduler\\vendor\\laravel\\framework\\src\\Illuminate\\Http\\Middleware\\TrustProxies.php(39): Illuminate\\Pipeline\\Pipeline->Illuminate\\Pipeline\\{closure}(Object(Illuminate\\Http\\Request))
#43 D:\\Programming\\Graduation-project\\2022-2023\\React\\college-system\\intelligent-college-timetable-scheduler\\vendor\\laravel\\framework\\src\\Illuminate\\Pipeline\\Pipeline.php(180): Illuminate\\Http\\Middleware\\TrustProxies->handle(Object(Illuminate\\Http\\Request), Object(Closure))
#44 D:\\Programming\\Graduation-project\\2022-2023\\React\\college-system\\intelligent-college-timetable-scheduler\\vendor\\laravel\\framework\\src\\Illuminate\\Pipeline\\Pipeline.php(116): Illuminate\\Pipeline\\Pipeline->Illuminate\\Pipeline\\{closure}(Object(Illuminate\\Http\\Request))
#45 D:\\Programming\\Graduation-project\\2022-2023\\React\\college-system\\intelligent-college-timetable-scheduler\\vendor\\laravel\\framework\\src\\Illuminate\\Foundation\\Http\\Kernel.php(165): Illuminate\\Pipeline\\Pipeline->then(Object(Closure))
#46 D:\\Programming\\Graduation-project\\2022-2023\\React\\college-system\\intelligent-college-timetable-scheduler\\vendor\\laravel\\framework\\src\\Illuminate\\Foundation\\Http\\Kernel.php(134): Illuminate\\Foundation\\Http\\Kernel->sendRequestThroughRouter(Object(Illuminate\\Http\\Request))
#47 D:\\Programming\\Graduation-project\\2022-2023\\React\\college-system\\intelligent-college-timetable-scheduler\\public\\index.php(52): Illuminate\\Foundation\\Http\\Kernel->handle(Object(Illuminate\\Http\\Request))
#48 D:\\Programming\\Graduation-project\\2022-2023\\React\\college-system\\intelligent-college-timetable-scheduler\\vendor\\laravel\\framework\\src\\Illuminate\\Foundation\\resources\\server.php(16): require_once('D:\\\\Programming\\\\...')
#49 {main}
"} 
[2023-03-11 15:53:14] local.INFO: userId  
[2023-03-11 15:53:14] local.INFO: 14  
[2023-03-11 15:53:14] local.ERROR: Attempt to read property "id" on null {"exception":"[object] (ErrorException(code: 0): Attempt to read property \"id\" on null at D:\\Programming\\Graduation-project\\2022-2023\\React\\college-system\\intelligent-college-timetable-scheduler\\app\\Http\\Controllers\\CourseRegistrationController.php:261)
[stacktrace]
#0 D:\\Programming\\Graduation-project\\2022-2023\\React\\college-system\\intelligent-college-timetable-scheduler\\vendor\\laravel\\framework\\src\\Illuminate\\Foundation\\Bootstrap\\HandleExceptions.php(266): Illuminate\\Foundation\\Bootstrap\\HandleExceptions->handleError(2, 'Attempt to read...', 'D:\\\\Programming\\\\...', 261)
#1 D:\\Programming\\Graduation-project\\2022-2023\\React\\college-system\\intelligent-college-timetable-scheduler\\app\\Http\\Controllers\\CourseRegistrationController.php(261): Illuminate\\Foundation\\Bootstrap\\HandleExceptions->Illuminate\\Foundation\\Bootstrap\\{closure}(2, 'Attempt to read...', 'D:\\\\Programming\\\\...', 261)
#2 D:\\Programming\\Graduation-project\\2022-2023\\React\\college-system\\intelligent-college-timetable-scheduler\\app\\Http\\Controllers\\CourseRegistrationController.php(205): App\\Http\\Controllers\\CourseRegistrationController->getHoursPerTerm(Object(Illuminate\\Http\\Request))
#3 D:\\Programming\\Graduation-project\\2022-2023\\React\\college-system\\intelligent-college-timetable-scheduler\\app\\Http\\Controllers\\CourseRegistrationController.php(142): App\\Http\\Controllers\\CourseRegistrationController->checkCoursesHours(Array, Object(Illuminate\\Http\\Request), '14')
#4 D:\\Programming\\Graduation-project\\2022-2023\\React\\college-system\\intelligent-college-timetable-scheduler\\vendor\\laravel\\framework\\src\\Illuminate\\Routing\\Controller.php(54): App\\Http\\Controllers\\CourseRegistrationController->register(Object(Illuminate\\Http\\Request), '14')
#5 D:\\Programming\\Graduation-project\\2022-2023\\React\\college-system\\intelligent-college-timetable-scheduler\\vendor\\laravel\\framework\\src\\Illuminate\\Routing\\ControllerDispatcher.php(43): Illuminate\\Routing\\Controller->callAction('register', Array)
#6 D:\\Programming\\Graduation-project\\2022-2023\\React\\college-system\\intelligent-college-timetable-scheduler\\vendor\\laravel\\framework\\src\\Illuminate\\Routing\\Route.php(260): Illuminate\\Routing\\ControllerDispatcher->dispatch(Object(Illuminate\\Routing\\Route), Object(App\\Http\\Controllers\\CourseRegistrationController), 'register')
#7 D:\\Programming\\Graduation-project\\2022-2023\\React\\college-system\\intelligent-college-timetable-scheduler\\vendor\\laravel\\framework\\src\\Illuminate\\Routing\\Route.php(205): Illuminate\\Routing\\Route->runController()
#8 D:\\Programming\\Graduation-project\\2022-2023\\React\\college-system\\intelligent-college-timetable-scheduler\\vendor\\laravel\\framework\\src\\Illuminate\\Routing\\Router.php(798): Illuminate\\Routing\\Route->run()
#9 D:\\Programming\\Graduation-project\\2022-2023\\React\\college-system\\intelligent-college-timetable-scheduler\\vendor\\laravel\\framework\\src\\Illuminate\\Pipeline\\Pipeline.php(141): Illuminate\\Routing\\Router->Illuminate\\Routing\\{closure}(Object(Illuminate\\Http\\Request))
#10 D:\\Programming\\Graduation-project\\2022-2023\\React\\college-system\\intelligent-college-timetable-scheduler\\vendor\\laravel\\framework\\src\\Illuminate\\Routing\\Middleware\\SubstituteBindings.php(50): Illuminate\\Pipeline\\Pipeline->Illuminate\\Pipeline\\{closure}(Object(Illuminate\\Http\\Request))
#11 D:\\Programming\\Graduation-project\\2022-2023\\React\\college-system\\intelligent-college-timetable-scheduler\\vendor\\laravel\\framework\\src\\Illuminate\\Pipeline\\Pipeline.php(180): Illuminate\\Routing\\Middleware\\SubstituteBindings->handle(Object(Illuminate\\Http\\Request), Object(Closure))
#12 D:\\Programming\\Graduation-project\\2022-2023\\React\\college-system\\intelligent-college-timetable-scheduler\\vendor\\laravel\\framework\\src\\Illuminate\\Foundation\\Http\\Middleware\\VerifyCsrfToken.php(78): Illuminate\\Pipeline\\Pipeline->Illuminate\\Pipeline\\{closure}(Object(Illuminate\\Http\\Request))
#13 D:\\Programming\\Graduation-project\\2022-2023\\React\\college-system\\intelligent-college-timetable-scheduler\\vendor\\laravel\\framework\\src\\Illuminate\\Pipeline\\Pipeline.php(180): Illuminate\\Foundation\\Http\\Middleware\\VerifyCsrfToken->handle(Object(Illuminate\\Http\\Request), Object(Closure))
#14 D:\\Programming\\Graduation-project\\2022-2023\\React\\college-system\\intelligent-college-timetable-scheduler\\vendor\\laravel\\framework\\src\\Illuminate\\View\\Middleware\\ShareErrorsFromSession.php(49): Illuminate\\Pipeline\\Pipeline->Illuminate\\Pipeline\\{closure}(Object(Illuminate\\Http\\Request))
#15 D:\\Programming\\Graduation-project\\2022-2023\\React\\college-system\\intelligent-college-timetable-scheduler\\vendor\\laravel\\framework\\src\\Illuminate\\Pipeline\\Pipeline.php(180): Illuminate\\View\\Middleware\\ShareErrorsFromSession->handle(Object(Illuminate\\Http\\Request), Object(Closure))
#16 D:\\Programming\\Graduation-project\\2022-2023\\React\\college-system\\intelligent-college-timetable-scheduler\\vendor\\laravel\\framework\\src\\Illuminate\\Session\\Middleware\\StartSession.php(121): Illuminate\\Pipeline\\Pipeline->Illuminate\\Pipeline\\{closure}(Object(Illuminate\\Http\\Request))
#17 D:\\Programming\\Graduation-project\\2022-2023\\React\\college-system\\intelligent-college-timetable-scheduler\\vendor\\laravel\\framework\\src\\Illuminate\\Session\\Middleware\\StartSession.php(64): Illuminate\\Session\\Middleware\\StartSession->handleStatefulRequest(Object(Illuminate\\Http\\Request), Object(Illuminate\\Session\\Store), Object(Closure))
#18 D:\\Programming\\Graduation-project\\2022-2023\\React\\college-system\\intelligent-college-timetable-scheduler\\vendor\\laravel\\framework\\src\\Illuminate\\Pipeline\\Pipeline.php(180): Illuminate\\Session\\Middleware\\StartSession->handle(Object(Illuminate\\Http\\Request), Object(Closure))
#19 D:\\Programming\\Graduation-project\\2022-2023\\React\\college-system\\intelligent-college-timetable-scheduler\\vendor\\laravel\\framework\\src\\Illuminate\\Cookie\\Middleware\\AddQueuedCookiesToResponse.php(37): Illuminate\\Pipeline\\Pipeline->Illuminate\\Pipeline\\{closure}(Object(Illuminate\\Http\\Request))
#20 D:\\Programming\\Graduation-project\\2022-2023\\React\\college-system\\intelligent-college-timetable-scheduler\\vendor\\laravel\\framework\\src\\Illuminate\\Pipeline\\Pipeline.php(180): Illuminate\\Cookie\\Middleware\\AddQueuedCookiesToResponse->handle(Object(Illuminate\\Http\\Request), Object(Closure))
#21 D:\\Programming\\Graduation-project\\2022-2023\\React\\college-system\\intelligent-college-timetable-scheduler\\vendor\\laravel\\framework\\src\\Illuminate\\Cookie\\Middleware\\EncryptCookies.php(67): Illuminate\\Pipeline\\Pipeline->Illuminate\\Pipeline\\{closure}(Object(Illuminate\\Http\\Request))
#22 D:\\Programming\\Graduation-project\\2022-2023\\React\\college-system\\intelligent-college-timetable-scheduler\\vendor\\laravel\\framework\\src\\Illuminate\\Pipeline\\Pipeline.php(180): Illuminate\\Cookie\\Middleware\\EncryptCookies->handle(Object(Illuminate\\Http\\Request), Object(Closure))
#23 D:\\Programming\\Graduation-project\\2022-2023\\React\\college-system\\intelligent-college-timetable-scheduler\\vendor\\laravel\\framework\\src\\Illuminate\\Pipeline\\Pipeline.php(116): Illuminate\\Pipeline\\Pipeline->Illuminate\\Pipeline\\{closure}(Object(Illuminate\\Http\\Request))
#24 D:\\Programming\\Graduation-project\\2022-2023\\React\\college-system\\intelligent-college-timetable-scheduler\\vendor\\laravel\\framework\\src\\Illuminate\\Routing\\Router.php(799): Illuminate\\Pipeline\\Pipeline->then(Object(Closure))
#25 D:\\Programming\\Graduation-project\\2022-2023\\React\\college-system\\intelligent-college-timetable-scheduler\\vendor\\laravel\\framework\\src\\Illuminate\\Routing\\Router.php(776): Illuminate\\Routing\\Router->runRouteWithinStack(Object(Illuminate\\Routing\\Route), Object(Illuminate\\Http\\Request))
#26 D:\\Programming\\Graduation-project\\2022-2023\\React\\college-system\\intelligent-college-timetable-scheduler\\vendor\\laravel\\framework\\src\\Illuminate\\Routing\\Router.php(740): Illuminate\\Routing\\Router->runRoute(Object(Illuminate\\Http\\Request), Object(Illuminate\\Routing\\Route))
#27 D:\\Programming\\Graduation-project\\2022-2023\\React\\college-system\\intelligent-college-timetable-scheduler\\vendor\\laravel\\framework\\src\\Illuminate\\Routing\\Router.php(729): Illuminate\\Routing\\Router->dispatchToRoute(Object(Illuminate\\Http\\Request))
#28 D:\\Programming\\Graduation-project\\2022-2023\\React\\college-system\\intelligent-college-timetable-scheduler\\vendor\\laravel\\framework\\src\\Illuminate\\Foundation\\Http\\Kernel.php(190): Illuminate\\Routing\\Router->dispatch(Object(Illuminate\\Http\\Request))
#29 D:\\Programming\\Graduation-project\\2022-2023\\React\\college-system\\intelligent-college-timetable-scheduler\\vendor\\laravel\\framework\\src\\Illuminate\\Pipeline\\Pipeline.php(141): Illuminate\\Foundation\\Http\\Kernel->Illuminate\\Foundation\\Http\\{closure}(Object(Illuminate\\Http\\Request))
#30 D:\\Programming\\Graduation-project\\2022-2023\\React\\college-system\\intelligent-college-timetable-scheduler\\vendor\\laravel\\framework\\src\\Illuminate\\Foundation\\Http\\Middleware\\TransformsRequest.php(21): Illuminate\\Pipeline\\Pipeline->Illuminate\\Pipeline\\{closure}(Object(Illuminate\\Http\\Request))
#31 D:\\Programming\\Graduation-project\\2022-2023\\React\\college-system\\intelligent-college-timetable-scheduler\\vendor\\laravel\\framework\\src\\Illuminate\\Foundation\\Http\\Middleware\\ConvertEmptyStringsToNull.php(31): Illuminate\\Foundation\\Http\\Middleware\\TransformsRequest->handle(Object(Illuminate\\Http\\Request), Object(Closure))
#32 D:\\Programming\\Graduation-project\\2022-2023\\React\\college-system\\intelligent-college-timetable-scheduler\\vendor\\laravel\\framework\\src\\Illuminate\\Pipeline\\Pipeline.php(180): Illuminate\\Foundation\\Http\\Middleware\\ConvertEmptyStringsToNull->handle(Object(Illuminate\\Http\\Request), Object(Closure))
#33 D:\\Programming\\Graduation-project\\2022-2023\\React\\college-system\\intelligent-college-timetable-scheduler\\vendor\\laravel\\framework\\src\\Illuminate\\Foundation\\Http\\Middleware\\TransformsRequest.php(21): Illuminate\\Pipeline\\Pipeline->Illuminate\\Pipeline\\{closure}(Object(Illuminate\\Http\\Request))
#34 D:\\Programming\\Graduation-project\\2022-2023\\React\\college-system\\intelligent-college-timetable-scheduler\\vendor\\laravel\\framework\\src\\Illuminate\\Foundation\\Http\\Middleware\\TrimStrings.php(40): Illuminate\\Foundation\\Http\\Middleware\\TransformsRequest->handle(Object(Illuminate\\Http\\Request), Object(Closure))
#35 D:\\Programming\\Graduation-project\\2022-2023\\React\\college-system\\intelligent-college-timetable-scheduler\\vendor\\laravel\\framework\\src\\Illuminate\\Pipeline\\Pipeline.php(180): Illuminate\\Foundation\\Http\\Middleware\\TrimStrings->handle(Object(Illuminate\\Http\\Request), Object(Closure))
#36 D:\\Programming\\Graduation-project\\2022-2023\\React\\college-system\\intelligent-college-timetable-scheduler\\vendor\\laravel\\framework\\src\\Illuminate\\Foundation\\Http\\Middleware\\ValidatePostSize.php(27): Illuminate\\Pipeline\\Pipeline->Illuminate\\Pipeline\\{closure}(Object(Illuminate\\Http\\Request))
#37 D:\\Programming\\Graduation-project\\2022-2023\\React\\college-system\\intelligent-college-timetable-scheduler\\vendor\\laravel\\framework\\src\\Illuminate\\Pipeline\\Pipeline.php(180): Illuminate\\Foundation\\Http\\Middleware\\ValidatePostSize->handle(Object(Illuminate\\Http\\Request), Object(Closure))
#38 D:\\Programming\\Graduation-project\\2022-2023\\React\\college-system\\intelligent-college-timetable-scheduler\\vendor\\laravel\\framework\\src\\Illuminate\\Foundation\\Http\\Middleware\\PreventRequestsDuringMaintenance.php(86): Illuminate\\Pipeline\\Pipeline->Illuminate\\Pipeline\\{closure}(Object(Illuminate\\Http\\Request))
#39 D:\\Programming\\Graduation-project\\2022-2023\\React\\college-system\\intelligent-college-timetable-scheduler\\vendor\\laravel\\framework\\src\\Illuminate\\Pipeline\\Pipeline.php(180): Illuminate\\Foundation\\Http\\Middleware\\PreventRequestsDuringMaintenance->handle(Object(Illuminate\\Http\\Request), Object(Closure))
#40 D:\\Programming\\Graduation-project\\2022-2023\\React\\college-system\\intelligent-college-timetable-scheduler\\vendor\\laravel\\framework\\src\\Illuminate\\Http\\Middleware\\HandleCors.php(62): Illuminate\\Pipeline\\Pipeline->Illuminate\\Pipeline\\{closure}(Object(Illuminate\\Http\\Request))
#41 D:\\Programming\\Graduation-project\\2022-2023\\React\\college-system\\intelligent-college-timetable-scheduler\\vendor\\laravel\\framework\\src\\Illuminate\\Pipeline\\Pipeline.php(180): Illuminate\\Http\\Middleware\\HandleCors->handle(Object(Illuminate\\Http\\Request), Object(Closure))
#42 D:\\Programming\\Graduation-project\\2022-2023\\React\\college-system\\intelligent-college-timetable-scheduler\\vendor\\laravel\\framework\\src\\Illuminate\\Http\\Middleware\\TrustProxies.php(39): Illuminate\\Pipeline\\Pipeline->Illuminate\\Pipeline\\{closure}(Object(Illuminate\\Http\\Request))
#43 D:\\Programming\\Graduation-project\\2022-2023\\React\\college-system\\intelligent-college-timetable-scheduler\\vendor\\laravel\\framework\\src\\Illuminate\\Pipeline\\Pipeline.php(180): Illuminate\\Http\\Middleware\\TrustProxies->handle(Object(Illuminate\\Http\\Request), Object(Closure))
#44 D:\\Programming\\Graduation-project\\2022-2023\\React\\college-system\\intelligent-college-timetable-scheduler\\vendor\\laravel\\framework\\src\\Illuminate\\Pipeline\\Pipeline.php(116): Illuminate\\Pipeline\\Pipeline->Illuminate\\Pipeline\\{closure}(Object(Illuminate\\Http\\Request))
#45 D:\\Programming\\Graduation-project\\2022-2023\\React\\college-system\\intelligent-college-timetable-scheduler\\vendor\\laravel\\framework\\src\\Illuminate\\Foundation\\Http\\Kernel.php(165): Illuminate\\Pipeline\\Pipeline->then(Object(Closure))
#46 D:\\Programming\\Graduation-project\\2022-2023\\React\\college-system\\intelligent-college-timetable-scheduler\\vendor\\laravel\\framework\\src\\Illuminate\\Foundation\\Http\\Kernel.php(134): Illuminate\\Foundation\\Http\\Kernel->sendRequestThroughRouter(Object(Illuminate\\Http\\Request))
#47 D:\\Programming\\Graduation-project\\2022-2023\\React\\college-system\\intelligent-college-timetable-scheduler\\public\\index.php(52): Illuminate\\Foundation\\Http\\Kernel->handle(Object(Illuminate\\Http\\Request))
#48 D:\\Programming\\Graduation-project\\2022-2023\\React\\college-system\\intelligent-college-timetable-scheduler\\vendor\\laravel\\framework\\src\\Illuminate\\Foundation\\resources\\server.php(16): require_once('D:\\\\Programming\\\\...')
#49 {main}
"} 
